[    0.000000] Initializing cgroup subsys cpuset
[    0.000000] Initializing cgroup subsys cpu
[    0.000000] Initializing cgroup subsys cpuacct
[    0.000000] Linux version 4.4.0-91-generic (buildd@lcy01-11) (gcc version 5.4.0 20160609 (Ubuntu 5.4.0-6ubuntu1~16.04.4) ) #114-Ubuntu SMP Tue Aug 8 11:56:56 UTC 2017 (Ubuntu 4.4.0-91.114-generic 4.4.76)
[    0.000000] Command line: BOOT_IMAGE=/boot/vmlinuz-4.4.0-91-generic root=LABEL=cloudimg-rootfs ro console=tty1 console=ttyS0
[    0.000000] KERNEL supported cpus:
[    0.000000]   Intel GenuineIntel
[    0.000000]   AMD AuthenticAMD
[    0.000000]   Centaur CentaurHauls
[    0.000000] x86/fpu: Legacy x87 FPU detected.
[    0.000000] x86/fpu: Using 'lazy' FPU context switches.
[    0.000000] e820: BIOS-provided physical RAM map:
[    0.000000] BIOS-e820: [mem 0x0000000000000000-0x000000000009fbff] usable
[    0.000000] BIOS-e820: [mem 0x000000000009fc00-0x000000000009ffff] reserved
[    0.000000] BIOS-e820: [mem 0x00000000000f0000-0x00000000000fffff] reserved
[    0.000000] BIOS-e820: [mem 0x0000000000100000-0x000000007ffeffff] usable
[    0.000000] BIOS-e820: [mem 0x000000007fff0000-0x000000007fffffff] ACPI data
[    0.000000] BIOS-e820: [mem 0x00000000fec00000-0x00000000fec00fff] reserved
[    0.000000] BIOS-e820: [mem 0x00000000fee00000-0x00000000fee00fff] reserved
[    0.000000] BIOS-e820: [mem 0x00000000fffc0000-0x00000000ffffffff] reserved
[    0.000000] NX (Execute Disable) protection: active
[    0.000000] SMBIOS 2.5 present.
[    0.000000] Hypervisor detected: KVM
[    0.000000] e820: last_pfn = 0x7fff0 max_arch_pfn = 0x400000000
[    0.000000] MTRR: Disabled
[    0.000000] x86/PAT: MTRRs disabled, skipping PAT initialization too.
[    0.000000] x86/PAT: Configuration [0-7]: WB  WT  UC- UC  WB  WT  UC- UC  
[    0.000000] CPU MTRRs all blank - virtualized system.
[    0.000000] found SMP MP-table at [mem 0x0009fff0-0x0009ffff] mapped at [ffff88000009fff0]
[    0.000000] Scanning 1 areas for low memory corruption
[    0.000000] RAMDISK: [mem 0x36ac6000-0x3755afff]
[    0.000000] ACPI: Early table checksum verification disabled
[    0.000000] ACPI: RSDP 0x00000000000E0000 000024 (v02 VBOX  )
[    0.000000] ACPI: XSDT 0x000000007FFF0030 00003C (v01 VBOX   VBOXXSDT 00000001 ASL  00000061)
[    0.000000] ACPI: FACP 0x000000007FFF00F0 0000F4 (v04 VBOX   VBOXFACP 00000001 ASL  00000061)
[    0.000000] ACPI: DSDT 0x000000007FFF0470 0021C8 (v02 VBOX   VBOXBIOS 00000002 INTL 20160831)
[    0.000000] ACPI: FACS 0x000000007FFF0200 000040
[    0.000000] ACPI: FACS 0x000000007FFF0200 000040
[    0.000000] ACPI: APIC 0x000000007FFF0240 00005C (v02 VBOX   VBOXAPIC 00000001 ASL  00000061)
[    0.000000] ACPI: SSDT 0x000000007FFF02A0 0001CC (v01 VBOX   VBOXCPUT 00000002 INTL 20160831)
[    0.000000] No NUMA configuration found
[    0.000000] Faking a node at [mem 0x0000000000000000-0x000000007ffeffff]
[    0.000000] NODE_DATA(0) allocated [mem 0x7ffeb000-0x7ffeffff]
[    0.000000] kvm-clock: Using msrs 4b564d01 and 4b564d00
[    0.000000] kvm-clock: cpu 0, msr 0:7ffe3001, primary cpu clock
[    0.000000] kvm-clock: using sched offset of 4008726062 cycles
[    0.000000] clocksource: kvm-clock: mask: 0xffffffffffffffff max_cycles: 0x1cd42e4dffb, max_idle_ns: 881590591483 ns
[    0.000000] Zone ranges:
[    0.000000]   DMA      [mem 0x0000000000001000-0x0000000000ffffff]
[    0.000000]   DMA32    [mem 0x0000000001000000-0x000000007ffeffff]
[    0.000000]   Normal   empty
[    0.000000]   Device   empty
[    0.000000] Movable zone start for each node
[    0.000000] Early memory node ranges
[    0.000000]   node   0: [mem 0x0000000000001000-0x000000000009efff]
[    0.000000]   node   0: [mem 0x0000000000100000-0x000000007ffeffff]
[    0.000000] Initmem setup node 0 [mem 0x0000000000001000-0x000000007ffeffff]
[    0.000000] ACPI: PM-Timer IO Port: 0x4008
[    0.000000] IOAPIC[0]: apic_id 2, version 32, address 0xfec00000, GSI 0-23
[    0.000000] ACPI: INT_SRC_OVR (bus 0 bus_irq 0 global_irq 2 dfl dfl)
[    0.000000] ACPI: INT_SRC_OVR (bus 0 bus_irq 9 global_irq 9 high level)
[    0.000000] Using ACPI (MADT) for SMP configuration information
[    0.000000] smpboot: Allowing 2 CPUs, 0 hotplug CPUs
[    0.000000] PM: Registered nosave memory: [mem 0x00000000-0x00000fff]
[    0.000000] PM: Registered nosave memory: [mem 0x0009f000-0x0009ffff]
[    0.000000] PM: Registered nosave memory: [mem 0x000a0000-0x000effff]
[    0.000000] PM: Registered nosave memory: [mem 0x000f0000-0x000fffff]
[    0.000000] e820: [mem 0x80000000-0xfebfffff] available for PCI devices
[    0.000000] Booting paravirtualized kernel on KVM
[    0.000000] clocksource: refined-jiffies: mask: 0xffffffff max_cycles: 0xffffffff, max_idle_ns: 7645519600211568 ns
[    0.000000] setup_percpu: NR_CPUS:512 nr_cpumask_bits:512 nr_cpu_ids:2 nr_node_ids:1
[    0.000000] PERCPU: Embedded 33 pages/cpu @ffff88007fc00000 s98264 r8192 d28712 u1048576
[    0.000000] PV qspinlock hash table entries: 256 (order: 0, 4096 bytes)
[    0.000000] Built 1 zonelists in Node order, mobility grouping on.  Total pages: 515961
[    0.000000] Policy zone: DMA32
[    0.000000] Kernel command line: BOOT_IMAGE=/boot/vmlinuz-4.4.0-91-generic root=LABEL=cloudimg-rootfs ro console=tty1 console=ttyS0
[    0.000000] PID hash table entries: 4096 (order: 3, 32768 bytes)
[    0.000000] Memory: 2033932K/2096696K available (8474K kernel code, 1294K rwdata, 3984K rodata, 1488K init, 1316K bss, 62764K reserved, 0K cma-reserved)
[    0.000000] SLUB: HWalign=64, Order=0-3, MinObjects=0, CPUs=2, Nodes=1
[    0.000000] Hierarchical RCU implementation.
[    0.000000] 	Build-time adjustment of leaf fanout to 64.
[    0.000000] 	RCU restricting CPUs from NR_CPUS=512 to nr_cpu_ids=2.
[    0.000000] RCU: Adjusting geometry for rcu_fanout_leaf=64, nr_cpu_ids=2
[    0.000000] NR_IRQS:33024 nr_irqs:440 16
[    0.000000] Console: colour VGA+ 80x25
[    0.000000] console [tty1] enabled
[    0.000000] console [ttyS0] enabled
[    0.000000] tsc: Detected 2798.008 MHz processor
[    7.837970] Calibrating delay loop (skipped) preset value.. 5596.01 BogoMIPS (lpj=11192032)
[    7.911031] pid_max: default: 32768 minimum: 301
[    7.958264] ACPI: Core revision 20150930
[    7.992632] ACPI: 2 ACPI AML tables successfully acquired and loaded
[    8.105978] Security Framework initialized
[    8.185458] Yama: becoming mindful.
[    8.237945] AppArmor: AppArmor initialized
[    8.320119] Dentry cache hash table entries: 262144 (order: 9, 2097152 bytes)
[    8.468432] Inode-cache hash table entries: 131072 (order: 8, 1048576 bytes)
[    8.615728] Mount-cache hash table entries: 4096 (order: 3, 32768 bytes)
[    8.752699] Mountpoint-cache hash table entries: 4096 (order: 3, 32768 bytes)
[    8.902034] Initializing cgroup subsys io
[    8.984608] Initializing cgroup subsys memory
[    9.072379] Initializing cgroup subsys devices
[    9.160552] Initializing cgroup subsys freezer
[    9.249902] Initializing cgroup subsys net_cls
[    9.341470] Initializing cgroup subsys perf_event
[    9.435780] Initializing cgroup subsys net_prio
[    9.530563] Initializing cgroup subsys hugetlb
[    9.615375] Initializing cgroup subsys pids
[    9.697470] CPU: Physical Processor ID: 0
[    9.774119] CPU: Processor Core ID: 0
[    9.843468] mce: CPU supports 0 MCE banks
[    9.918028] Last level iTLB entries: 4KB 512, 2MB 7, 4MB 7
[    9.998663] Last level dTLB entries: 4KB 512, 2MB 32, 4MB 32, 1GB 0
[   10.061194] Freeing SMP alternatives memory: 32K (ffffffff820b9000 - ffffffff820c1000)
[   10.139801] ftrace: allocating 32131 entries in 126 pages
[   10.245339] smpboot: APIC(0) Converting physical 0 to logical package 0
[   10.437087] smpboot: Max logical packages: 1
[   10.542931] x2apic enabled
[   10.566220] Switched APIC routing to physical x2apic.
[   10.616561] ..TIMER: vector=0x30 apic1=0 pin1=2 apic2=-1 pin2=-1
[   10.777749] smpboot: CPU0: Intel(R) Core(TM) i5 CPU         760  @ 2.80GHz (family: 0x6, model: 0x1e, stepping: 0x5)
[   10.862361] Performance Events: unsupported p6 CPU model 30 no PMU driver, software events only.
[   10.942224] KVM setup paravirtual spinlock
[   11.052534] x86: Booting SMP configuration:
[   11.175918] .... node  #0, CPUs:      #1
[   11.277037] kvm-clock: cpu 1, msr 0:7ffe3041, secondary cpu clock
[   11.287941] mce: CPU supports 0 MCE banks
[   11.293514] x86: Booted up 1 node, 2 CPUs
[   11.350387] smpboot: Total of 2 processors activated (11192.03 BogoMIPS)
[   11.415090] devtmpfs: initialized
[   11.453196] evm: security.selinux
[   11.467567] evm: security.SMACK64
[   11.539605] evm: security.SMACK64EXEC
[   11.576549] evm: security.SMACK64TRANSMUTE
[   11.640305] evm: security.SMACK64MMAP
[   11.664653] evm: security.ima
[   11.691220] evm: security.capability
[   11.720927] clocksource: jiffies: mask: 0xffffffff max_cycles: 0xffffffff, max_idle_ns: 7645041785100000 ns
[   11.795805] futex hash table entries: 512 (order: 3, 32768 bytes)
[   11.846158] pinctrl core: initialized pinctrl subsystem
[   11.894424] RTC time: 16:13:48, date: 09/07/17
[   11.934591] NET: Registered protocol family 16
[   11.985819] cpuidle: using governor ladder
[   12.094438] cpuidle: using governor menu
[   12.171402] PCCT header not found.
[   12.270048] ACPI: bus type PCI registered
[   12.367714] acpiphp: ACPI Hot Plug PCI Controller Driver version: 0.5
[   12.506884] PCI: Using configuration type 1 for base access
[   12.631408] ACPI: Added _OSI(Module Device)
[   12.714631] ACPI: Added _OSI(Processor Device)
[   12.795009] ACPI: Added _OSI(3.0 _SCP Extensions)
[   12.831141] ACPI: Added _OSI(Processor Aggregator Device)
[   12.897513] ACPI: Executed 1 blocks of module-level executable AML code
[   12.983935] ACPI: Interpreter enabled
[   13.007321] ACPI: (supports S0 S5)
[   13.034612] ACPI: Using IOAPIC for interrupt routing
[   13.093000] PCI: Using host bridge windows from ACPI; if necessary, use "pci=nocrs" and report a bug
[   13.201964] ACPI: PCI Root Bridge [PCI0] (domain 0000 [bus 00-ff])
[   13.255351] acpi PNP0A03:00: _OSC: OS supports [ASPM ClockPM Segments MSI]
[   13.333168] acpi PNP0A03:00: _OSC failed (AE_NOT_FOUND); disabling ASPM
[   13.427697] acpi PNP0A03:00: fail to add MMCONFIG information, can't access extended PCI configuration space under this bridge.
[   13.608136] PCI host bridge to bus 0000:00
[   13.673327] pci_bus 0000:00: root bus resource [io  0x0000-0x0cf7 window]
[   13.798640] pci_bus 0000:00: root bus resource [io  0x0d00-0xffff window]
[   13.936834] pci_bus 0000:00: root bus resource [mem 0x000a0000-0x000bffff window]
[   14.092934] pci_bus 0000:00: root bus resource [mem 0x80000000-0xffdfffff window]
[   14.245769] pci_bus 0000:00: root bus resource [bus 00-ff]
[   14.357323] pci 0000:00:01.1: legacy IDE quirk: reg 0x10: [io  0x01f0-0x01f7]
[   14.505353] pci 0000:00:01.1: legacy IDE quirk: reg 0x14: [io  0x03f6]
[   14.644625] pci 0000:00:01.1: legacy IDE quirk: reg 0x18: [io  0x0170-0x0177]
[   14.792408] pci 0000:00:01.1: legacy IDE quirk: reg 0x1c: [io  0x0376]
[   14.897028] pci 0000:00:07.0: quirk: [io  0x4000-0x403f] claimed by PIIX4 ACPI
[   14.975040] pci 0000:00:07.0: quirk: [io  0x4100-0x410f] claimed by PIIX4 SMB
[   15.052446] ACPI: PCI Interrupt Link [LNKA] (IRQs 5 9 10 *11)
[   15.195013] ACPI: PCI Interrupt Link [LNKB] (IRQs 5 9 10 *11)
[   15.350540] ACPI: PCI Interrupt Link [LNKC] (IRQs 5 9 *10 11)
[   15.499236] ACPI: PCI Interrupt Link [LNKD] (IRQs 5 *9 10 11)
[   15.610563] ACPI: Enabled 2 GPEs in block 00 to 07
[   15.702886] vgaarb: setting as boot device: PCI:0000:00:02.0
[   15.805108] vgaarb: device added: PCI:0000:00:02.0,decodes=io+mem,owns=io+mem,locks=none
[   15.904747] vgaarb: loaded
[   15.929554] vgaarb: bridge control possible 0000:00:02.0
[   15.970309] SCSI subsystem initialized
[   16.002780] ACPI: bus type USB registered
[   16.043409] usbcore: registered new interface driver usbfs
[   16.097761] usbcore: registered new interface driver hub
[   16.150609] usbcore: registered new device driver usb
[   16.189033] PCI: Using ACPI for IRQ routing
[   16.223557] NetLabel: Initializing
[   16.259709] NetLabel:  domain hash size = 128
[   16.297783] NetLabel:  protocols = UNLABELED CIPSOv4
[   16.347751] NetLabel:  unlabeled traffic allowed by default
[   16.393721] amd_nb: Cannot enumerate AMD northbridges
[   16.443846] clocksource: Switched to clocksource kvm-clock
[   16.505207] AppArmor: AppArmor Filesystem Enabled
[   16.585456] pnp: PnP ACPI init
[   16.638056] pnp: PnP ACPI: found 3 devices
[   16.726166] clocksource: acpi_pm: mask: 0xffffff max_cycles: 0xffffff, max_idle_ns: 2085701024 ns
[   16.850394] NET: Registered protocol family 2
[   16.926296] TCP established hash table entries: 16384 (order: 5, 131072 bytes)
[   17.021221] TCP bind hash table entries: 16384 (order: 6, 262144 bytes)
[   17.108836] TCP: Hash tables configured (established 16384 bind 16384)
[   17.200431] UDP hash table entries: 1024 (order: 3, 32768 bytes)
[   17.323762] UDP-Lite hash table entries: 1024 (order: 3, 32768 bytes)
[   17.520425] NET: Registered protocol family 1
[   17.631489] pci 0000:00:00.0: Limiting direct PCI/PCI transfers
[   17.802669] pci 0000:00:01.0: Activating ISA DMA hang workarounds
[   17.975606] Unpacking initramfs...
[   19.858727] Freeing initrd memory: 10836K (ffff880036ac6000 - ffff88003755b000)
[   20.072761] platform rtc_cmos: registered platform RTC device (no PNP device found)
[   20.231721] Scanning for low memory corruption every 60 seconds
[   20.325915] audit: initializing netlink subsys (disabled)
[   20.331879] audit: type=2000 audit(1504800827.175:1): initialized
[   20.334338] Initialise system trusted keyring
[   20.335920] HugeTLB registered 2 MB page size, pre-allocated 0 pages
[   20.339114] zbud: loaded
[   20.340314] VFS: Disk quotas dquot_6.6.0
[   20.341450] VFS: Dquot-cache hash table entries: 512 (order 0, 4096 bytes)
[   20.343498] squashfs: version 4.0 (2009/01/31) Phillip Lougher
[   20.345448] fuse init (API version 7.23)
[   20.346694] Key type big_key registered
[   20.347805] Allocating IMA MOK and blacklist keyrings.
[   20.352107] Key type asymmetric registered
[   20.353514] Asymmetric key parser 'x509' registered
[   20.355028] Block layer SCSI generic (bsg) driver version 0.4 loaded (major 249)
[   20.357450] io scheduler noop registered
[   20.358677] io scheduler deadline registered (default)
[   20.360420] io scheduler cfq registered
[   20.361897] pci_hotplug: PCI Hot Plug PCI Core version: 0.5
[   20.364028] pciehp: PCI Express Hot Plug Controller Driver version: 0.4
[   20.366069] ACPI: AC Adapter [AC] (on-line)
[   20.367419] input: Power Button as /devices/LNXSYSTM:00/LNXPWRBN:00/input/input0
[   20.369683] ACPI: Power Button [PWRF]
[   20.370932] input: Sleep Button as /devices/LNXSYSTM:00/LNXSLPBN:00/input/input1
[   20.373139] ACPI: Sleep Button [SLPF]
[   20.374424] GHES: HEST is not enabled!
[   20.375573] Serial: 8250/16550 driver, 32 ports, IRQ sharing enabled
[   20.398924] 00:02: ttyS0 at I/O 0x3f8 (irq = 4, base_baud = 115200) is a 16550A
[   20.402103] Linux agpgart interface v0.103
[   20.405643] loop: module loaded
[   20.407383] scsi host0: ata_piix
[   20.408568] scsi host1: ata_piix
[   20.409557] ata1: PATA max UDMA/33 cmd 0x1f0 ctl 0x3f6 bmdma 0xd000 irq 14
[   20.411352] ata2: PATA max UDMA/33 cmd 0x170 ctl 0x376 bmdma 0xd008 irq 15
[   20.413554] libphy: Fixed MDIO Bus: probed
[   20.415013] tun: Universal TUN/TAP device driver, 1.6
[   20.416661] tun: (C) 1999-2004 Max Krasnyansky <maxk@qualcomm.com>
[   20.418669] PPP generic driver version 2.4.2
[   20.420185] ehci_hcd: USB 2.0 'Enhanced' Host Controller (EHCI) Driver
[   20.422301] ehci-pci: EHCI PCI platform driver
[   20.424173] ehci-platform: EHCI generic platform driver
[   20.425734] ohci_hcd: USB 1.1 'Open' Host Controller (OHCI) Driver
[   20.427515] ohci-pci: OHCI PCI platform driver
[   20.428943] ohci-platform: OHCI generic platform driver
[   20.430580] uhci_hcd: USB Universal Host Controller Interface driver
[   20.432604] i8042: PNP: PS/2 Controller [PNP0303:PS2K,PNP0f03:PS2M] at 0x60,0x64 irq 1,12
[   20.435585] serio: i8042 KBD port at 0x60,0x64 irq 1
[   20.437098] serio: i8042 AUX port at 0x60,0x64 irq 12
[   20.438755] mousedev: PS/2 mouse device common for all mice
[   20.440934] input: AT Translated Set 2 keyboard as /devices/platform/i8042/serio0/input/input2
[   20.443776] rtc_cmos rtc_cmos: rtc core: registered rtc_cmos as rtc0
[   20.445691] rtc_cmos rtc_cmos: alarms up to one day, 114 bytes nvram
[   20.447502] i2c /dev entries driver
[   20.448709] device-mapper: uevent: version 1.0.3
[   20.450179] device-mapper: ioctl: 4.34.0-ioctl (2015-10-28) initialised: dm-devel@redhat.com
[   20.453139] ledtrig-cpu: registered to indicate activity on CPUs
[   20.455286] NET: Registered protocol family 10
[   20.456863] NET: Registered protocol family 17
[   20.458226] Key type dns_resolver registered
[   20.459690] microcode: CPU0 sig=0x106e5, pf=0x4, revision=0x616
[   20.540968] microcode: CPU1 sig=0x106e5, pf=0x4, revision=0x616
[   20.544818] microcode: Microcode Update Driver: v2.01 <tigran@aivazian.fsnet.co.uk>, Peter Oruba
[   20.547567] registered taskstats version 1
[   20.548893] Loading compiled-in X.509 certificates
[   20.551231] Loaded X.509 cert 'Build time autogenerated kernel key: 0777615d5208f86b8b4bd2fb3aecc97a191f2831'
[   20.554226] zswap: loaded using pool lzo/zbud
[   20.557373] Key type trusted registered
[   20.562404] Key type encrypted registered
[   20.564013] AppArmor: AppArmor sha1 policy hashing enabled
[   20.565966] ima: No TPM chip found, activating TPM-bypass!
[   20.567917] evm: HMAC attrs: 0x1
[   20.569632]   Magic number: 1:409:236
[   20.571792] rtc_cmos rtc_cmos: hash matches
[   20.574381] rtc_cmos rtc_cmos: setting system clock to 2017-09-07 16:13:57 UTC (1504800837)
[   20.577341] BIOS EDD facility v0.16 2004-Jun-25, 0 devices found
[   20.579214] EDD information not available.
[   20.582445] Freeing unused kernel memory: 1488K (ffffffff81f45000 - ffffffff820b9000)
[   20.584915] Write protecting the kernel read-only data: 14336k
[   20.587236] Freeing unused kernel memory: 1752K (ffff88000184a000 - ffff880001a00000)
[   20.589934] Freeing unused kernel memory: 112K (ffff880001de4000 - ffff880001e00000)
Loading, please [   20.607204] random: systemd-udevd: uninitialized urandom read (16 bytes read, 3 bits of entropy available)
wait...
startin[   20.608087] random: udevadm: uninitialized urandom read (16 bytes read, 3 bits of entropy available)
g version 229
[   20.608135] random: udevadm: uninitialized urandom read (16 bytes read, 3 bits of entropy available)
[   20.608304] random: udevadm: uninitialized urandom read (16 bytes read, 3 bits of entropy available)
[   20.608371] random: udevadm: uninitialized urandom read (16 bytes read, 3 bits of entropy available)
[   20.608438] random: udevadm: uninitialized urandom read (16 bytes read, 3 bits of entropy available)
[   20.608506] random: udevadm: uninitialized urandom read (16 bytes read, 3 bits of entropy available)
[   20.608572] random: udevadm: uninitialized urandom read (16 bytes read, 3 bits of entropy available)
[   20.608637] random: udevadm: uninitialized urandom read (16 bytes read, 3 bits of entropy available)
[   20.608703] random: udevadm: uninitialized urandom read (16 bytes read, 3 bits of entropy available)
[   21.841890] tsc: Refined TSC clocksource calibration: 2798.237 MHz
[   21.913419] clocksource: tsc: mask: 0xffffffffffffffff max_cycles: 0x2855bf31607, max_idle_ns: 440795228917 ns
[   22.066667] e1000: Intel(R) PRO/1000 Network Driver - version 7.3.21-k8-NAPI
[   22.173624] e1000: Copyright (c) 1999-2006 Intel Corporation.
[   22.471488] Fusion MPT base driver 3.04.20
[   22.658703] Copyright (c) 1999-2008 LSI Corporation
[   22.898585] Fusion MPT SPI Host driver 3.04.20
[   23.133144] input: ImExPS/2 Generic Explorer Mouse as /devices/platform/i8042/serio1/input/input4
[   23.843507] e1000 0000:00:03.0 eth0: (PCI:33MHz:32-bit) 02:50:7f:03:3f:72
[   24.290444] e1000 0000:00:03.0 eth0: Intel(R) PRO/1000 Network Connection
[   24.719571] mptbase: ioc0: Initiating bringup
[   25.016382] ioc0: LSI53C1030 A0: Capabilities={Initiator}
[   25.533056] scsi host2: ioc0: LSI53C1030 A0, FwRev=00000000h, Ports=1, MaxQ=256, IRQ=20
[   26.156644] scsi 2:0:0:0: Direct-Access     VBOX     HARDDISK         1.0  PQ: 0 ANSI: 5
[   26.675013] scsi target2:0:0: Beginning Domain Validation
[   26.680097] floppy0: no floppy controllers found
[   26.680138] work still pending
[   26.725598] scsi target2:0:0: Domain Validation skipping write tests
[   26.799126] scsi target2:0:0: Ending Domain Validation
[   26.802893] scsi target2:0:0: asynchronous
[   26.806020] scsi 2:0:1:0: Direct-Access     VBOX     HARDDISK         1.0  PQ: 0 ANSI: 5
[   26.810931] scsi target2:0:1: Beginning Domain Validation
[   26.815566] scsi target2:0:1: Domain Validation skipping write tests
[   26.819793] scsi target2:0:1: Ending Domain Validation
[   26.828152] scsi target2:0:1: asynchronous
[   26.956780] sd 2:0:0:0: Attached scsi generic sg0 type 0
[   26.957378] sd 2:0:0:0: [sda] 20971520 512-byte logical blocks: (10.7 GB/10.0 GiB)
[   26.957593] sd 2:0:0:0: [sda] Write Protect is off
[   26.957737] sd 2:0:0:0: [sda] Incomplete mode parameter data
[   26.957738] sd 2:0:0:0: [sda] Assuming drive cache: write through
[   27.247203]  sda: sda1
[   27.247646] sd 2:0:0:0: [sda] Attached SCSI disk
[   27.542636] e1000 0000:00:08.0 eth1: (PCI:33MHz:32-bit) 08:00:27:6d:09:c7
[   27.542642] e1000 0000:00:08.0 eth1: Intel(R) PRO/1000 Network Connection
[   27.557368] sd 2:0:1:0: [sdb] 20480 512-byte logical blocks: (10.5 MB/10.0 MiB)
[   27.627421] sd 2:0:1:0: Attached scsi generic sg1 type 0
[   27.692724] sd 2:0:1:0: [sdb] Write Protect is off
[   27.694794] e1000 0000:00:03.0 enp0s3: renamed from eth0
[   27.696532] sd 2:0:1:0: [sdb] Incomplete mode parameter data
[   27.698181] sd 2:0:1:0: [sdb] Assuming drive cache: write through
[   27.704148] e1000 0000:00:08.0 enp0s8: renamed from eth1
[   27.764785] sd 2:0:1:0: [sdb] Attached SCSI disk
Begin: Loading e[   29.137069] md: linear personality registered for level -1
ssential drivers[   29.306133] md: multipath personality registered for level -4
 ... [   29.420156] md: raid0 personality registered for level 0
[   29.448078] md: raid1 personality registered for level 1
[   29.632328] raid6: sse2x1   gen()  7289 MB/s
[   29.700613] raid6: sse2x1   xor()  6209 MB/s
[   29.767858] raid6: sse2x2   gen()  8325 MB/s
[   29.846321] raid6: sse2x2   xor()  7103 MB/s
[   30.170666] raid6: sse2x4   gen() 10884 MB/s
[   30.477103] raid6: sse2x4   xor()  7872 MB/s
[   30.750701] raid6: using algorithm sse2x4 gen() 10884 MB/s
[   31.002695] raid6: .... xor() 7872 MB/s, rmw enabled
[   31.331019] raid6: using ssse3x2 recovery algorithm
[   31.653673] xor: measuring software checksum speed
[   31.827902]    prefetch64-sse: 12772.000 MB/sec
[   31.979926]    generic_sse: 11208.000 MB/sec
[   32.068265] xor: using function: prefetch64-sse (12772.000 MB/sec)
[   32.134015] async_tx: api initialized (async)
[   32.191581] md: raid6 personality registered for level 6
[   32.249491] md: raid5 personality registered for level 5
[   32.349391] md: raid4 personality registered for level 4
[   32.450462] md: raid10 personality registered for level 10
done.
Begin: Running /scripts/i[   32.490540] Btrfs loaded
nit-premount ... done.
Begin: Mounting root file system ... Begin: Running /scripts/local-top ... done.
Begin: Running /scripts/local-premount ... Scanning for Btrfs filesystems
done.
Warning: fsck not present, so skipping root file system
[   32.568869] EXT4-fs (sda1): mounted filesystem with ordered data mode. Opts: (null)
done.
Begin: Running /scripts/local-bottom ... done.
Begin: Running /scripts/init-bottom ... done.
[   32.986578] systemd[1]: systemd 229 running in system mode. (+PAM +AUDIT +SELINUX +IMA +APPARMOR +SMACK +SYSVINIT +UTMP +LIBCRYPTSETUP +GCRYPT +GNUTLS +ACL +XZ -LZ4 +SECCOMP +BLKID +ELFUTILS +KMOD -IDN)
[   33.019424] systemd[1]: Detected virtualization oracle.
[   33.033533] systemd[1]: Detected architecture x86-64.

Welcome to [1mUbuntu 16.04.3 LTS[0m!

[   33.055911] systemd[1]: Set hostname to <news>.
[   33.526216] random: nonblocking pool is initialized
[   33.787913] systemd[1]: Reached target Encrypted Volumes.
[[0;32m  OK  [0m] Reached target Encrypted Volumes.
[   33.792761] systemd[1]: Listening on Journal Socket.
[[0;32m  OK  [0m] Listening on Journal Socket.
[   33.838558] systemd[1]: Listening on Syslog Socket.
[[0;32m  OK  [0m] Listening on Syslog Socket.
[   34.016812] systemd[1]: Created slice User and Session Slice.
[[0;32m  OK  [0m] Created slice User and Session Slice.
[   34.208885] systemd[1]: Created slice System Slice.
[[0;32m  OK  [0m] Created slice System Slice.
[   34.432297] systemd[1]: Starting Create list of required static device nodes for the current kernel...
         Starting Create list of required st... nodes for the current kernel...
[   34.772187] systemd[1]: Mounting POSIX Message Queue File System...
         Mounting POSIX Message Queue File System...
[   35.028462] systemd[1]: Listening on udev Control Socket.
[[0;32m  OK  [0m] Listening on udev Control Socket.
[   35.192187] systemd[1]: Started Trigger resolvconf update for networkd DNS.
[[0;32m  OK  [0m] Started Trigger resolvconf update for networkd DNS.
[   35.228394] systemd[1]: Starting Uncomplicated firewall...
         Starting Uncomplicated firewall...
[   35.380267] systemd[1]: Reached target Slices.
[[0;32m  OK  [0m] Reached target Slices.
[   35.568180] systemd[1]: Mounting Debug File System...
         Mounting Debug File System...
[   35.760372] systemd[1]: Reached target Swap.
[[0;32m  OK  [0m] Reached target Swap.
[   35.920451] systemd[1]: Listening on /dev/initctl Compatibility Named Pipe.
[[0;32m  OK  [0m] Listening on /dev/initctl Compatibility Named Pipe.
[   36.228285] systemd[1]: Reached target User and Group Name Lookups.
[[0;32m  OK  [0m] Reached target User and Group Name Lookups.
[   36.364844] systemd[1]: Created slice system-serial\x2dgetty.slice.
[[0;32m  OK  [0m] Created slice system-serial\x2dgetty.slice.
[   36.381220] systemd[1]: Listening on udev Kernel Socket.
[[0;32m  OK  [0m] Listening on udev Kernel Socket.
[   36.396302] systemd[1]: Starting Nameserver information manager...
         Starting Nameserver information manager...
[   36.592437] systemd[1]: Listening on LVM2 metadata daemon socket.
[[0;32m  OK  [0m] Listening on LVM2 metadata daemon socket.
[   36.744418] systemd[1]: Listening on LVM2 poll daemon socket.
[[0;32m  OK  [0m] Listening on LVM2 poll daemon socket.
[   36.920409] systemd[1]: Set up automount Arbitrary Executable File Formats File System Automount Point.
[[0;32m  OK  [0m] Set up automount Arbitrary Executab...ats File System Automount Point.
[   36.932010] systemd[1]: Listening on Journal Audit Socket.
[[0;32m  OK  [0m] Listening on Journal Audit Socket.
[   36.935362] systemd[1]: Listening on Journal Socket (/dev/log).
[[0;32m  OK  [0m] Listening on Journal Socket (/dev/log).
[   36.948226] systemd[1]: Mounting Huge Pages File System...
         Mounting Huge Pages File System...
[   36.952937] systemd[1]: Starting Journal Service...
         Starting Journal Service...
[   36.956841] systemd[1]: Listening on Device-mapper event daemon FIFOs.
[[0;32m  OK  [0m] Listening on Device-mapper event daemon FIFOs.
[   36.962037] systemd[1]: Started Forward Password Requests to Wall Directory Watch.
[[0;32m  OK  [0m] Started Forward Password Requests to Wall Directory Watch.
[   36.980223] systemd[1]: Starting Set console keymap...
         Starting Set console keymap...
[   36.988742] systemd[1]: Starting Remount Root and Kernel File Systems...
         Starting Remount Root and Kernel File Systems...
[   37.004099] systemd[1]: Starting Load Kernel Modules...
[   37.004520] EXT4-fs (sda1): re-mounted. Opts: (null)
[   37.319459] Loading iSCSI transport class v2.0-870.
         Starting Load Kernel Modules...
[   37.392692] systemd[1]: Starting Monitoring of LVM2 mirrors, snapshots etc. using dmeventd or progress polling...
         Starting Monitoring of LVM2 mirr[   37.932214] iscsi: registered transport (tcp)
ors... dmeventd or progress polling...
[   38.123038] iscsi: registered transport (iser)
[   38.273723] systemd[1]: Mounted Huge Pages File System.
[[0;32m  OK  [0m] Mounted Huge Pages File System.
[   38.604317] systemd[1]: Mounted Debug File System.
[[0;32m  OK  [0m] Mounted Debug File System.
[   38.936274] systemd[1]: Mounted POSIX Message Queue File System.
[[0;32m  OK  [0m] Mounted POSIX Message Queue File System.
[   39.293428] systemd[1]: Started Journal Service.
[[0;32m  OK  [0m] Started Journal Service.
[[0;32m  OK  [0m] Started Create list of required sta...ce nodes for the current kernel.
[[0;32m  OK  [0m] Started Uncomplicated firewall.
[[0;32m  OK  [0m] Started Set console keymap.
[[0;32m  OK  [0m] Started Remount Root and Kernel File Systems.
[[0;32m  OK  [0m] Started Load Kernel Modules.
[[0;32m  OK  [0m] Started Nameserver information manager.
[[0;32m  OK  [0m] Started LVM2 metadata daemon.
         Starting Apply Kernel Variables...
         Mounting FUSE Control File System...
         Starting Load/Save Random Seed...
         Starting Initial cloud-init job (pre-networking)...
         Starting udev Coldplug all Devices...
         Starting Create Static Device Nodes in /dev...
         Starting Flush Journal to Persistent Storage...
[[0;32m  OK  [0m] Mounted FUSE Control File System.
[[0;32m  OK  [0m] Started Apply Kernel Variables.
[[0;32m  OK  [0m] Started Load/Save Random Seed.
[[0;32m  OK  [0m] Started udev Coldplug all Devices.
[[0;32m  OK  [0m] Started Flush Journal to Persistent Storage.
[[0;32m  OK  [0m] Started Create Static Device Nodes in /dev.
         Starting udev Kernel Device Manager...
[[0;32m  OK  [0m] Started udev Kernel Device Manager.
[[0;32m  OK  [0m] Started Monitoring of LVM2 mirrors,...ng dmeventd or progress polling.
[[0;32m  OK  [0m] Reached target Local File Systems (Pre).
[[0;32m  OK  [0m] Reached target Local File Systems.
         Starting Tell Plymouth To Write Out Runtime Data...
         Starting LSB: AppArmor initialization...
         Starting Create Volatile Files and Directories...
         Starting Set console font and keymap...
[[0;32m  OK  [0m] Started Dispatch Password Requests to Console Directory Watch.
[[0;32m  OK  [0m] Found device /dev/ttyS0.
[[0;32m  OK  [0m] Started Tell Plymouth To Write Out Runtime Data.
[[0;32m  OK  [0m] Started Create Volatile Files and Directories.
[[0;32m  OK  [0m] Reached target System Time Synchronized.
         Starting Update UTMP about System Boot/Shutdown...
[[0;32m  OK  [0m] Found device 82540EM Gigabit Ethern...r (PRO/1000 MT Desktop Adapter).
[[0;32m  OK  [0m] Found device 82540EM Gigabit Ethern...r (PRO/1000 MT Desktop Adapter).
[[0;32m  OK  [0m] Started Set console font and keymap.
[[0;32m  OK  [0m] Created slice system-getty.slice.
[[0;32m  OK  [0m] Started Update UTMP about System Boot/Shutdown.
[[0;32m  OK  [0m] Listening on Load/Save RF Kill Switch Status /dev/rfkill Watch.
[[0;32m  OK  [0m] Started LSB: AppArmor initialization.
[   27.400236] cloud-init[422]: Cloud-init v. 0.7.9 running 'init-local' at Thu, 07 Sep 2017 16:14:19 +0000. Up 26.96 seconds.
[[0;32m  OK  [0m] Started Initial cloud-init job (pre-networking).
[[0;32m  OK  [0m] Reached target Network (Pre).
[[0;32m  OK  [0m] Started ifup for enp0s3.
[[0;32m  OK  [0m] Started ifup for enp0s8.
         Starting Raise network interfaces...
[[0;32m  OK  [0m] Started Raise network interfaces.
         Starting Initial cloud-init job (metadata service crawler)...
[[0;32m  OK  [0m] Reached target Network.
[   29.214084] cloud-init[1059]: Cloud-init v. 0.7.9 running 'init' at Thu, 07 Sep 2017 16:14:21 +0000. Up 28.71 seconds.
[   29.340747] [cloud-init[0;32m  OK  [0m[1059]: ] ci-info: +++++++++++++++++++++++++++++++++++++Net device info++++++++++++++++++++++++++++++++++++++Started Initial cloud-init job (metadata service crawler).

[[0;32m  OK  [0m] Reached target System Initialization.
[   29.341581] cloud-init[1059]: ci-info: +--------+------+----------------------------+---------------+-------+-------------------+
[   29.412676] cloud-init[1059]: ci-info: | Device |  Up  |          Address           |      Mask     | Scope |     Hw-Address    |
[   29.415776] cloud-init[1059]: ci-info: +--------+------+----------------------------+---------------+-------+-------------------+
[   29.418637] cloud-init[1059]: ci-info: |   lo   | True |         127.0.0.1          |   255.0.0.0   |   .   |         .         |
[   29.421500] cloud-init[1059]: ci-info: |   lo   | True |          ::1/128           |       .       |  host |         .         |
         Starting LXD - unix socket.
[   29.425291] cloud-init[1059]: ci-info: | enp0s8 | True |         10.1.1.131         | 255.255.255.0 |   .   | 08:00:27:6d:09:c7 |
[   29.428720] cloud-init[1059]: ci-info: | enp0s8 | True | fe80::a00:27ff:fe6d:9c7/64 |       .       |  link | 08:00:27:6d:09:c7 |
[   29.432887] cloud-init[1059]: ci-info: | enp0s3 | True |         10.0.2.15          | 255.255.255.0 |   .   | 02:50:7f:03:3f:72 |
[   29.436018] cloud-init[1059]: ci-info: | enp0s3 | True | fe80::50:7fff:fe03:3f72/64 |       .       |  link | 02:50:7f:03:3f:72 |
[   29.438937] cloud-init[1059]: ci-info: +--------+------+----------------------------+---------------+-------+-------------------+
[   29.441844] cloud-init[1059]: ci-info: +++++++++++++++++++++++++++Route IPv4 info++++++++++++++++++++++++++++
[   29.444327] cloud-init[1059]: ci-info: +-------+-------------+----------+---------------+-----------+-------+
[   29.447065] cloud-init[1059]: ci-info: | Route | Destination | Gateway  |    Genmask    | Interface | Flags |
[   29.449526] cloud-init[1059]: ci-info: +-------+-------------+----------+---------------+-----------+-------+
[   29.452814] cloud-init[1059]: ci-info: |   0   |   0.0.0.0   | 10.0.2.2 |    0.0.0.0    |   enp0s3  |   UG  |
[[0;32m  OK  [0m] Started Timer to automatically fetch and run repair assertions.
[[0;32m  OK  [0m] Listening on UUID daemon activation socket.
[[0;32m  OK  [0m] Started Timer to automatically refresh installed snaps.
[[0;32m  OK  [0m] Listening on ACPID Listen Socket.
[[0;32m  OK  [0m] Listening on D-Bus System Message Bus Socket.
[   29.457013] cloud-init[1059]: ci-info: |   1   |   10.0.2.0  | 0.0.0.0  | 255.255.255.0 |   enp0s3  |   U   |
[   29.464774] cloud-init[1059]: ci-info: |   2   |   10.1.1.0  | 0.0.0.0  | 255.255.255.0 |   enp0s8  |   U   |
[   29.467347] cloud-init[1059]: ci-info: +-------+-------------+----------+---------------+-----------+-------+
[[0;32m  OK  [0m] Started ACPI Events Check.
[[0;32m  OK  [0m] Reached target Paths.
[[0;32m  OK  [0m] Started Daily Cleanup of Temporary Directories.
         Starting Socket activation for snappy daemon.
[[0;32m  OK  [0m] Reached target Cloud-config availability.
[[0;32m  OK  [0m] Reached target Network is Online.
         Starting iSCSI initiator daemon (iscsid)...
[[0;32m  OK  [0m] Started Daily apt download activities.
[[0;32m  OK  [0m] Started Daily apt upgrade and clean activities.
[[0;32m  OK  [0m] Reached target Timers.
[[0;32m  OK  [0m] Listening on LXD - unix socket.
[[0;32m  OK  [0m] Listening on Socket activation for snappy daemon.
[[0;32m  OK  [0m] Reached target Sockets.
[[0;32m  OK  [0m] Reached target Basic System.
         Starting Accounts Service...
         Starting Login Service...
         Starting The PHP 7.0 FastCGI Process Manager...
         Starting Apply the settings specified in cloud-config...
         Starting LSB: Record successful boot for GRUB...
         Starting /etc/rc.local Compatibility...
         Starting LXD - container startup/shutdown...
[[0;32m  OK  [0m] Started ACPI event daemon.
[[0;32m  OK  [0m] Started Deferred execution scheduler.
         Starting LSB: MD monitoring daemon...
[[0;32m  OK  [0m] Started FUSE filesystem for LXC.
         Starting A high performance web server and a reverse proxy server...
[[0;32m  OK  [0m] Started Unattended Upgrades Shutdown.
         Starting System Logging Service...
         Starting vboxadd.service...
[[0;32m  OK  [0m] Started D-Bus System Message Bus.
[   30.424986] cloud-init[1122]: Cloud-init v. 0.7.9 running 'modules:config' at Thu, 07 Sep 2017 16:14:22 +0000. Up 29.99 seconds.
         Starting vboxadd-x11.service...
[[0;32m  OK  [0m] Started Regular background program processing daemon.
         Starting OpenBSD Secure Shell server...
         Starting MySQL Community Server...
         Starting Snappy daemon...
[[0;32m  OK  [0m] Started System Logging Service.
[[0;32m  OK  [0m] Started iSCSI initiator daemon (iscsid).
[[0;32m  OK  [0m] Started Apply the settings specified in cloud-config.
[[0;32m  OK  [0m] Started /etc/rc.local Compatibility.
[[0;1;31mFAILED[0m] Failed to start A high performance ...rver and a reverse proxy server.
See 'systemctl status nginx.service' for details.
[[0;32m  OK  [0m] Started vboxadd.service.
[[0;32m  OK  [0m] Started vboxadd-x11.service.
[[0;32m  OK  [0m] Started Login Service.
         Starting Authenticate and Authorize Users to Run Privileged Tasks...
         Starting vboxadd-service.service...
         Starting Login to default iSCSI targets...
[[0;32m  OK  [0m] Started LSB: Record successful boot for GRUB.
[[0;32m  OK  [0m] Started OpenBSD Secure Shell server.
[[0;32m  OK  [0m] Started LSB: MD monitoring daemon.
[[0;32m  OK  [0m] Started vboxadd-service.service.
[[0;32m  OK  [0m] Started Login to default iSCSI targets.
[[0;32m  OK  [0m] Reached target Remote File Systems (Pre).
[[0;32m  OK  [0m] Reached target Remote File Systems.
         Starting LSB: daemon to balance interrupts for SMP systems...
         Starting LSB: Set the CPU Frequency Scaling governor to "ondemand"...
         Starting LSB: automatic crash report generation...
         Starting Permit User Sessions...
[[0;32m  OK  [0m] Started Authenticate and Authorize Users to Run Privileged Tasks.
[[0;32m  OK  [0m] Started Permit User Sessions.
[[0;32m  OK  [0m] Started Accounts Service.
         Starting Terminate Plymouth Boot Screen...
         Starting Hold until boot process finishes up...
[[0;32m  OK  [0m] Started LXD - container startup/shutdown.
[[0;32m  OK  [0m] Started LSB: daemon to balance interrupts for SMP systems.
[[0;32m  OK  [0m] Started LSB: Set the CPU Frequency Scaling governor to "ondemand".
[[0;32m  OK  [0m] Started LSB: automatic crash report generation.
[[0;32m  OK  [0m] Started Terminate Plymouth Boot Screen.
[[0;32m  OK  [0m] Started Hold until boot process finishes up.
[[0;32m  OK  [0m] Started Snappy daemon.
         Starting Auto import assertions from block devices...
         Starting Set console scheme...
[[0;32m  OK  [0m] Started Getty on tty1.
[[0;32m  OK  [0m] Started Serial Getty on ttyS0.
[[0;32m  OK  [0m] Reached target Login Prompts.
[[0;32m  OK  [0m] Started Auto import assertions from block devices.
[[0;32m  OK  [0m] Started Set console scheme.
[[0;1;31mFAILED[0m] Failed to start The PHP 7.0 FastCGI Process Manager.
See 'systemctl status php7.0-fpm.service' for details.
[[0;32m  OK  [0m] Created slice User Slice of ubuntu.
         Starting User Manager for UID 1000...
[[0;32m  OK  [0m] Started Session 1 of user ubuntu.
[[0;32m  OK  [0m] Started User Manager for UID 1000.
[[0;32m  OK  [0m] Started MySQL Community Server.
[[0;32m  OK  [0m] Reached target Multi-User System.
         Starting Execute cloud user/final scripts...
[[0;32m  OK  [0m] Reached target Graphical Interface.
         Starting Update UTMP about System Runlevel Changes...
[[0;32m  OK  [0m] Started Update UTMP about System Runlevel Changes.
[   35.149576] cloud-init[1503]: Cloud-init v. 0.7.9 running 'modules:final' at Thu, 07 Sep 2017 16:14:27 +0000. Up 35.00 seconds.
[   35.308854] cloud-init[1503]: Cloud-init v. 0.7.9 finished at Thu, 07 Sep 2017 16:14:27 +0000. Datasource DataSourceNoCloud [seed=/dev/sdb][dsmode=net].  Up 35.14 seconds
[[0;32m  OK  [0m] Started Execute cloud user/final scripts.
[[0;32m  OK  [0m] Reached target Cloud-init target.

Ubuntu 16.04.3 LTS news ttyS0

news login: 